<?xml version="1.0" encoding="UTF-8"?>
<!-- Generated by org.testng.reporters.JUnitReportReporter -->
<testsuite hostname="SAG-GPD8NQ2" failures="0" tests="2" name="com.apps.testcases.BoardCrud" time="10.852" errors="0" timestamp="2021-03-31T16:26:21 IST" skipped="0">
  <testcase classname="com.apps.testcases.BoardCrud" name="CreateCard" time="2.085"/>
  <system-out/>
  <testcase classname="com.apps.testcases.BoardCrud" name="CreateBoard" time="8.767"/>
  <system-out/>
</testsuite> <!-- com.apps.testcases.BoardCrud -->
