<?xml version="1.0" encoding="UTF-8"?>
<!-- Generated by org.testng.reporters.JUnitReportReporter -->
<testsuite ignored="0" hostname="SAG-GPD8NQ2" failures="0" tests="2" name="com.softwareag.tn.apps.testcases.ChannelCrud" time="5.163" errors="0" timestamp="30 Mar 2021 21:46:43 GMT" skipped="0">
  <testcase classname="com.softwareag.tn.apps.testcases.ChannelCrud" name="CreateBoard" time="3.563"/>
  <testcase classname="com.softwareag.tn.apps.testcases.ChannelCrud" name="CreateCard" time="1.600"/>
</testsuite> <!-- com.softwareag.tn.apps.testcases.ChannelCrud -->
