<?xml version="1.0" encoding="UTF-8"?>
<!-- Generated by org.testng.reporters.JUnitReportReporter -->
<testsuite hostname="SAG-GPD8NQ2" failures="0" tests="2" name="com.apps.testcases.ChannelCrud" time="4.816" errors="0" timestamp="2021-03-31T10:57:10 IST" skipped="0">
  <testcase classname="com.apps.testcases.ChannelCrud" name="CreateBoard" time="3.694"/>
  <system-out/>
  <testcase classname="com.apps.testcases.ChannelCrud" name="CreateCard" time="1.122"/>
  <system-out/>
</testsuite> <!-- com.apps.testcases.ChannelCrud -->
